#! /c/iverilog/bin/vvp
:ivl_version "0.9.7 " "(v0_9_7)";
:vpi_time_precision + 0;
:vpi_module "system";
:vpi_module "v2005_math";
:vpi_module "va_math";
S_012BDA68 .scope module, "data_memory" "data_memory" 2 1;
 .timescale 0 0;
v012B9D08_0 .net "address", 7 0, C4<zzzzzzzz>; 0 drivers
v012B9D60_0 .net "clk", 0 0, C4<z>; 0 drivers
v012B9DB8_0 .var/i "i", 31 0;
v012B4E18 .array "mem", 255 0, 7 0;
v012B4E70_0 .net "mem_read", 0 0, C4<z>; 0 drivers
v012B4EC8_0 .net "mem_write", 0 0, C4<z>; 0 drivers
v012BEE20_0 .var "read_data", 7 0;
v012BEE78_0 .net "write_data", 7 0, C4<zzzzzzzz>; 0 drivers
E_012B7730 .event posedge, v012B9D60_0;
v012B4E18_0 .array/port v012B4E18, 0;
v012B4E18_1 .array/port v012B4E18, 1;
E_012B7750/0 .event edge, v012B4E70_0, v012B9D08_0, v012B4E18_0, v012B4E18_1;
v012B4E18_2 .array/port v012B4E18, 2;
v012B4E18_3 .array/port v012B4E18, 3;
v012B4E18_4 .array/port v012B4E18, 4;
v012B4E18_5 .array/port v012B4E18, 5;
E_012B7750/1 .event edge, v012B4E18_2, v012B4E18_3, v012B4E18_4, v012B4E18_5;
v012B4E18_6 .array/port v012B4E18, 6;
v012B4E18_7 .array/port v012B4E18, 7;
v012B4E18_8 .array/port v012B4E18, 8;
v012B4E18_9 .array/port v012B4E18, 9;
E_012B7750/2 .event edge, v012B4E18_6, v012B4E18_7, v012B4E18_8, v012B4E18_9;
v012B4E18_10 .array/port v012B4E18, 10;
v012B4E18_11 .array/port v012B4E18, 11;
v012B4E18_12 .array/port v012B4E18, 12;
v012B4E18_13 .array/port v012B4E18, 13;
E_012B7750/3 .event edge, v012B4E18_10, v012B4E18_11, v012B4E18_12, v012B4E18_13;
v012B4E18_14 .array/port v012B4E18, 14;
v012B4E18_15 .array/port v012B4E18, 15;
v012B4E18_16 .array/port v012B4E18, 16;
v012B4E18_17 .array/port v012B4E18, 17;
E_012B7750/4 .event edge, v012B4E18_14, v012B4E18_15, v012B4E18_16, v012B4E18_17;
v012B4E18_18 .array/port v012B4E18, 18;
v012B4E18_19 .array/port v012B4E18, 19;
v012B4E18_20 .array/port v012B4E18, 20;
v012B4E18_21 .array/port v012B4E18, 21;
E_012B7750/5 .event edge, v012B4E18_18, v012B4E18_19, v012B4E18_20, v012B4E18_21;
v012B4E18_22 .array/port v012B4E18, 22;
v012B4E18_23 .array/port v012B4E18, 23;
v012B4E18_24 .array/port v012B4E18, 24;
v012B4E18_25 .array/port v012B4E18, 25;
E_012B7750/6 .event edge, v012B4E18_22, v012B4E18_23, v012B4E18_24, v012B4E18_25;
v012B4E18_26 .array/port v012B4E18, 26;
v012B4E18_27 .array/port v012B4E18, 27;
v012B4E18_28 .array/port v012B4E18, 28;
v012B4E18_29 .array/port v012B4E18, 29;
E_012B7750/7 .event edge, v012B4E18_26, v012B4E18_27, v012B4E18_28, v012B4E18_29;
v012B4E18_30 .array/port v012B4E18, 30;
v012B4E18_31 .array/port v012B4E18, 31;
v012B4E18_32 .array/port v012B4E18, 32;
v012B4E18_33 .array/port v012B4E18, 33;
E_012B7750/8 .event edge, v012B4E18_30, v012B4E18_31, v012B4E18_32, v012B4E18_33;
v012B4E18_34 .array/port v012B4E18, 34;
v012B4E18_35 .array/port v012B4E18, 35;
v012B4E18_36 .array/port v012B4E18, 36;
v012B4E18_37 .array/port v012B4E18, 37;
E_012B7750/9 .event edge, v012B4E18_34, v012B4E18_35, v012B4E18_36, v012B4E18_37;
v012B4E18_38 .array/port v012B4E18, 38;
v012B4E18_39 .array/port v012B4E18, 39;
v012B4E18_40 .array/port v012B4E18, 40;
v012B4E18_41 .array/port v012B4E18, 41;
E_012B7750/10 .event edge, v012B4E18_38, v012B4E18_39, v012B4E18_40, v012B4E18_41;
v012B4E18_42 .array/port v012B4E18, 42;
v012B4E18_43 .array/port v012B4E18, 43;
v012B4E18_44 .array/port v012B4E18, 44;
v012B4E18_45 .array/port v012B4E18, 45;
E_012B7750/11 .event edge, v012B4E18_42, v012B4E18_43, v012B4E18_44, v012B4E18_45;
v012B4E18_46 .array/port v012B4E18, 46;
v012B4E18_47 .array/port v012B4E18, 47;
v012B4E18_48 .array/port v012B4E18, 48;
v012B4E18_49 .array/port v012B4E18, 49;
E_012B7750/12 .event edge, v012B4E18_46, v012B4E18_47, v012B4E18_48, v012B4E18_49;
v012B4E18_50 .array/port v012B4E18, 50;
v012B4E18_51 .array/port v012B4E18, 51;
v012B4E18_52 .array/port v012B4E18, 52;
v012B4E18_53 .array/port v012B4E18, 53;
E_012B7750/13 .event edge, v012B4E18_50, v012B4E18_51, v012B4E18_52, v012B4E18_53;
v012B4E18_54 .array/port v012B4E18, 54;
v012B4E18_55 .array/port v012B4E18, 55;
v012B4E18_56 .array/port v012B4E18, 56;
v012B4E18_57 .array/port v012B4E18, 57;
E_012B7750/14 .event edge, v012B4E18_54, v012B4E18_55, v012B4E18_56, v012B4E18_57;
v012B4E18_58 .array/port v012B4E18, 58;
v012B4E18_59 .array/port v012B4E18, 59;
v012B4E18_60 .array/port v012B4E18, 60;
v012B4E18_61 .array/port v012B4E18, 61;
E_012B7750/15 .event edge, v012B4E18_58, v012B4E18_59, v012B4E18_60, v012B4E18_61;
v012B4E18_62 .array/port v012B4E18, 62;
v012B4E18_63 .array/port v012B4E18, 63;
v012B4E18_64 .array/port v012B4E18, 64;
v012B4E18_65 .array/port v012B4E18, 65;
E_012B7750/16 .event edge, v012B4E18_62, v012B4E18_63, v012B4E18_64, v012B4E18_65;
v012B4E18_66 .array/port v012B4E18, 66;
v012B4E18_67 .array/port v012B4E18, 67;
v012B4E18_68 .array/port v012B4E18, 68;
v012B4E18_69 .array/port v012B4E18, 69;
E_012B7750/17 .event edge, v012B4E18_66, v012B4E18_67, v012B4E18_68, v012B4E18_69;
v012B4E18_70 .array/port v012B4E18, 70;
v012B4E18_71 .array/port v012B4E18, 71;
v012B4E18_72 .array/port v012B4E18, 72;
v012B4E18_73 .array/port v012B4E18, 73;
E_012B7750/18 .event edge, v012B4E18_70, v012B4E18_71, v012B4E18_72, v012B4E18_73;
v012B4E18_74 .array/port v012B4E18, 74;
v012B4E18_75 .array/port v012B4E18, 75;
v012B4E18_76 .array/port v012B4E18, 76;
v012B4E18_77 .array/port v012B4E18, 77;
E_012B7750/19 .event edge, v012B4E18_74, v012B4E18_75, v012B4E18_76, v012B4E18_77;
v012B4E18_78 .array/port v012B4E18, 78;
v012B4E18_79 .array/port v012B4E18, 79;
v012B4E18_80 .array/port v012B4E18, 80;
v012B4E18_81 .array/port v012B4E18, 81;
E_012B7750/20 .event edge, v012B4E18_78, v012B4E18_79, v012B4E18_80, v012B4E18_81;
v012B4E18_82 .array/port v012B4E18, 82;
v012B4E18_83 .array/port v012B4E18, 83;
v012B4E18_84 .array/port v012B4E18, 84;
v012B4E18_85 .array/port v012B4E18, 85;
E_012B7750/21 .event edge, v012B4E18_82, v012B4E18_83, v012B4E18_84, v012B4E18_85;
v012B4E18_86 .array/port v012B4E18, 86;
v012B4E18_87 .array/port v012B4E18, 87;
v012B4E18_88 .array/port v012B4E18, 88;
v012B4E18_89 .array/port v012B4E18, 89;
E_012B7750/22 .event edge, v012B4E18_86, v012B4E18_87, v012B4E18_88, v012B4E18_89;
v012B4E18_90 .array/port v012B4E18, 90;
v012B4E18_91 .array/port v012B4E18, 91;
v012B4E18_92 .array/port v012B4E18, 92;
v012B4E18_93 .array/port v012B4E18, 93;
E_012B7750/23 .event edge, v012B4E18_90, v012B4E18_91, v012B4E18_92, v012B4E18_93;
v012B4E18_94 .array/port v012B4E18, 94;
v012B4E18_95 .array/port v012B4E18, 95;
v012B4E18_96 .array/port v012B4E18, 96;
v012B4E18_97 .array/port v012B4E18, 97;
E_012B7750/24 .event edge, v012B4E18_94, v012B4E18_95, v012B4E18_96, v012B4E18_97;
v012B4E18_98 .array/port v012B4E18, 98;
v012B4E18_99 .array/port v012B4E18, 99;
v012B4E18_100 .array/port v012B4E18, 100;
v012B4E18_101 .array/port v012B4E18, 101;
E_012B7750/25 .event edge, v012B4E18_98, v012B4E18_99, v012B4E18_100, v012B4E18_101;
v012B4E18_102 .array/port v012B4E18, 102;
v012B4E18_103 .array/port v012B4E18, 103;
v012B4E18_104 .array/port v012B4E18, 104;
v012B4E18_105 .array/port v012B4E18, 105;
E_012B7750/26 .event edge, v012B4E18_102, v012B4E18_103, v012B4E18_104, v012B4E18_105;
v012B4E18_106 .array/port v012B4E18, 106;
v012B4E18_107 .array/port v012B4E18, 107;
v012B4E18_108 .array/port v012B4E18, 108;
v012B4E18_109 .array/port v012B4E18, 109;
E_012B7750/27 .event edge, v012B4E18_106, v012B4E18_107, v012B4E18_108, v012B4E18_109;
v012B4E18_110 .array/port v012B4E18, 110;
v012B4E18_111 .array/port v012B4E18, 111;
v012B4E18_112 .array/port v012B4E18, 112;
v012B4E18_113 .array/port v012B4E18, 113;
E_012B7750/28 .event edge, v012B4E18_110, v012B4E18_111, v012B4E18_112, v012B4E18_113;
v012B4E18_114 .array/port v012B4E18, 114;
v012B4E18_115 .array/port v012B4E18, 115;
v012B4E18_116 .array/port v012B4E18, 116;
v012B4E18_117 .array/port v012B4E18, 117;
E_012B7750/29 .event edge, v012B4E18_114, v012B4E18_115, v012B4E18_116, v012B4E18_117;
v012B4E18_118 .array/port v012B4E18, 118;
v012B4E18_119 .array/port v012B4E18, 119;
v012B4E18_120 .array/port v012B4E18, 120;
v012B4E18_121 .array/port v012B4E18, 121;
E_012B7750/30 .event edge, v012B4E18_118, v012B4E18_119, v012B4E18_120, v012B4E18_121;
v012B4E18_122 .array/port v012B4E18, 122;
v012B4E18_123 .array/port v012B4E18, 123;
v012B4E18_124 .array/port v012B4E18, 124;
v012B4E18_125 .array/port v012B4E18, 125;
E_012B7750/31 .event edge, v012B4E18_122, v012B4E18_123, v012B4E18_124, v012B4E18_125;
v012B4E18_126 .array/port v012B4E18, 126;
v012B4E18_127 .array/port v012B4E18, 127;
v012B4E18_128 .array/port v012B4E18, 128;
v012B4E18_129 .array/port v012B4E18, 129;
E_012B7750/32 .event edge, v012B4E18_126, v012B4E18_127, v012B4E18_128, v012B4E18_129;
v012B4E18_130 .array/port v012B4E18, 130;
v012B4E18_131 .array/port v012B4E18, 131;
v012B4E18_132 .array/port v012B4E18, 132;
v012B4E18_133 .array/port v012B4E18, 133;
E_012B7750/33 .event edge, v012B4E18_130, v012B4E18_131, v012B4E18_132, v012B4E18_133;
v012B4E18_134 .array/port v012B4E18, 134;
v012B4E18_135 .array/port v012B4E18, 135;
v012B4E18_136 .array/port v012B4E18, 136;
v012B4E18_137 .array/port v012B4E18, 137;
E_012B7750/34 .event edge, v012B4E18_134, v012B4E18_135, v012B4E18_136, v012B4E18_137;
v012B4E18_138 .array/port v012B4E18, 138;
v012B4E18_139 .array/port v012B4E18, 139;
v012B4E18_140 .array/port v012B4E18, 140;
v012B4E18_141 .array/port v012B4E18, 141;
E_012B7750/35 .event edge, v012B4E18_138, v012B4E18_139, v012B4E18_140, v012B4E18_141;
v012B4E18_142 .array/port v012B4E18, 142;
v012B4E18_143 .array/port v012B4E18, 143;
v012B4E18_144 .array/port v012B4E18, 144;
v012B4E18_145 .array/port v012B4E18, 145;
E_012B7750/36 .event edge, v012B4E18_142, v012B4E18_143, v012B4E18_144, v012B4E18_145;
v012B4E18_146 .array/port v012B4E18, 146;
v012B4E18_147 .array/port v012B4E18, 147;
v012B4E18_148 .array/port v012B4E18, 148;
v012B4E18_149 .array/port v012B4E18, 149;
E_012B7750/37 .event edge, v012B4E18_146, v012B4E18_147, v012B4E18_148, v012B4E18_149;
v012B4E18_150 .array/port v012B4E18, 150;
v012B4E18_151 .array/port v012B4E18, 151;
v012B4E18_152 .array/port v012B4E18, 152;
v012B4E18_153 .array/port v012B4E18, 153;
E_012B7750/38 .event edge, v012B4E18_150, v012B4E18_151, v012B4E18_152, v012B4E18_153;
v012B4E18_154 .array/port v012B4E18, 154;
v012B4E18_155 .array/port v012B4E18, 155;
v012B4E18_156 .array/port v012B4E18, 156;
v012B4E18_157 .array/port v012B4E18, 157;
E_012B7750/39 .event edge, v012B4E18_154, v012B4E18_155, v012B4E18_156, v012B4E18_157;
v012B4E18_158 .array/port v012B4E18, 158;
v012B4E18_159 .array/port v012B4E18, 159;
v012B4E18_160 .array/port v012B4E18, 160;
v012B4E18_161 .array/port v012B4E18, 161;
E_012B7750/40 .event edge, v012B4E18_158, v012B4E18_159, v012B4E18_160, v012B4E18_161;
v012B4E18_162 .array/port v012B4E18, 162;
v012B4E18_163 .array/port v012B4E18, 163;
v012B4E18_164 .array/port v012B4E18, 164;
v012B4E18_165 .array/port v012B4E18, 165;
E_012B7750/41 .event edge, v012B4E18_162, v012B4E18_163, v012B4E18_164, v012B4E18_165;
v012B4E18_166 .array/port v012B4E18, 166;
v012B4E18_167 .array/port v012B4E18, 167;
v012B4E18_168 .array/port v012B4E18, 168;
v012B4E18_169 .array/port v012B4E18, 169;
E_012B7750/42 .event edge, v012B4E18_166, v012B4E18_167, v012B4E18_168, v012B4E18_169;
v012B4E18_170 .array/port v012B4E18, 170;
v012B4E18_171 .array/port v012B4E18, 171;
v012B4E18_172 .array/port v012B4E18, 172;
v012B4E18_173 .array/port v012B4E18, 173;
E_012B7750/43 .event edge, v012B4E18_170, v012B4E18_171, v012B4E18_172, v012B4E18_173;
v012B4E18_174 .array/port v012B4E18, 174;
v012B4E18_175 .array/port v012B4E18, 175;
v012B4E18_176 .array/port v012B4E18, 176;
v012B4E18_177 .array/port v012B4E18, 177;
E_012B7750/44 .event edge, v012B4E18_174, v012B4E18_175, v012B4E18_176, v012B4E18_177;
v012B4E18_178 .array/port v012B4E18, 178;
v012B4E18_179 .array/port v012B4E18, 179;
v012B4E18_180 .array/port v012B4E18, 180;
v012B4E18_181 .array/port v012B4E18, 181;
E_012B7750/45 .event edge, v012B4E18_178, v012B4E18_179, v012B4E18_180, v012B4E18_181;
v012B4E18_182 .array/port v012B4E18, 182;
v012B4E18_183 .array/port v012B4E18, 183;
v012B4E18_184 .array/port v012B4E18, 184;
v012B4E18_185 .array/port v012B4E18, 185;
E_012B7750/46 .event edge, v012B4E18_182, v012B4E18_183, v012B4E18_184, v012B4E18_185;
v012B4E18_186 .array/port v012B4E18, 186;
v012B4E18_187 .array/port v012B4E18, 187;
v012B4E18_188 .array/port v012B4E18, 188;
v012B4E18_189 .array/port v012B4E18, 189;
E_012B7750/47 .event edge, v012B4E18_186, v012B4E18_187, v012B4E18_188, v012B4E18_189;
v012B4E18_190 .array/port v012B4E18, 190;
v012B4E18_191 .array/port v012B4E18, 191;
v012B4E18_192 .array/port v012B4E18, 192;
v012B4E18_193 .array/port v012B4E18, 193;
E_012B7750/48 .event edge, v012B4E18_190, v012B4E18_191, v012B4E18_192, v012B4E18_193;
v012B4E18_194 .array/port v012B4E18, 194;
v012B4E18_195 .array/port v012B4E18, 195;
v012B4E18_196 .array/port v012B4E18, 196;
v012B4E18_197 .array/port v012B4E18, 197;
E_012B7750/49 .event edge, v012B4E18_194, v012B4E18_195, v012B4E18_196, v012B4E18_197;
v012B4E18_198 .array/port v012B4E18, 198;
v012B4E18_199 .array/port v012B4E18, 199;
v012B4E18_200 .array/port v012B4E18, 200;
v012B4E18_201 .array/port v012B4E18, 201;
E_012B7750/50 .event edge, v012B4E18_198, v012B4E18_199, v012B4E18_200, v012B4E18_201;
v012B4E18_202 .array/port v012B4E18, 202;
v012B4E18_203 .array/port v012B4E18, 203;
v012B4E18_204 .array/port v012B4E18, 204;
v012B4E18_205 .array/port v012B4E18, 205;
E_012B7750/51 .event edge, v012B4E18_202, v012B4E18_203, v012B4E18_204, v012B4E18_205;
v012B4E18_206 .array/port v012B4E18, 206;
v012B4E18_207 .array/port v012B4E18, 207;
v012B4E18_208 .array/port v012B4E18, 208;
v012B4E18_209 .array/port v012B4E18, 209;
E_012B7750/52 .event edge, v012B4E18_206, v012B4E18_207, v012B4E18_208, v012B4E18_209;
v012B4E18_210 .array/port v012B4E18, 210;
v012B4E18_211 .array/port v012B4E18, 211;
v012B4E18_212 .array/port v012B4E18, 212;
v012B4E18_213 .array/port v012B4E18, 213;
E_012B7750/53 .event edge, v012B4E18_210, v012B4E18_211, v012B4E18_212, v012B4E18_213;
v012B4E18_214 .array/port v012B4E18, 214;
v012B4E18_215 .array/port v012B4E18, 215;
v012B4E18_216 .array/port v012B4E18, 216;
v012B4E18_217 .array/port v012B4E18, 217;
E_012B7750/54 .event edge, v012B4E18_214, v012B4E18_215, v012B4E18_216, v012B4E18_217;
v012B4E18_218 .array/port v012B4E18, 218;
v012B4E18_219 .array/port v012B4E18, 219;
v012B4E18_220 .array/port v012B4E18, 220;
v012B4E18_221 .array/port v012B4E18, 221;
E_012B7750/55 .event edge, v012B4E18_218, v012B4E18_219, v012B4E18_220, v012B4E18_221;
v012B4E18_222 .array/port v012B4E18, 222;
v012B4E18_223 .array/port v012B4E18, 223;
v012B4E18_224 .array/port v012B4E18, 224;
v012B4E18_225 .array/port v012B4E18, 225;
E_012B7750/56 .event edge, v012B4E18_222, v012B4E18_223, v012B4E18_224, v012B4E18_225;
v012B4E18_226 .array/port v012B4E18, 226;
v012B4E18_227 .array/port v012B4E18, 227;
v012B4E18_228 .array/port v012B4E18, 228;
v012B4E18_229 .array/port v012B4E18, 229;
E_012B7750/57 .event edge, v012B4E18_226, v012B4E18_227, v012B4E18_228, v012B4E18_229;
v012B4E18_230 .array/port v012B4E18, 230;
v012B4E18_231 .array/port v012B4E18, 231;
v012B4E18_232 .array/port v012B4E18, 232;
v012B4E18_233 .array/port v012B4E18, 233;
E_012B7750/58 .event edge, v012B4E18_230, v012B4E18_231, v012B4E18_232, v012B4E18_233;
v012B4E18_234 .array/port v012B4E18, 234;
v012B4E18_235 .array/port v012B4E18, 235;
v012B4E18_236 .array/port v012B4E18, 236;
v012B4E18_237 .array/port v012B4E18, 237;
E_012B7750/59 .event edge, v012B4E18_234, v012B4E18_235, v012B4E18_236, v012B4E18_237;
v012B4E18_238 .array/port v012B4E18, 238;
v012B4E18_239 .array/port v012B4E18, 239;
v012B4E18_240 .array/port v012B4E18, 240;
v012B4E18_241 .array/port v012B4E18, 241;
E_012B7750/60 .event edge, v012B4E18_238, v012B4E18_239, v012B4E18_240, v012B4E18_241;
v012B4E18_242 .array/port v012B4E18, 242;
v012B4E18_243 .array/port v012B4E18, 243;
v012B4E18_244 .array/port v012B4E18, 244;
v012B4E18_245 .array/port v012B4E18, 245;
E_012B7750/61 .event edge, v012B4E18_242, v012B4E18_243, v012B4E18_244, v012B4E18_245;
v012B4E18_246 .array/port v012B4E18, 246;
v012B4E18_247 .array/port v012B4E18, 247;
v012B4E18_248 .array/port v012B4E18, 248;
v012B4E18_249 .array/port v012B4E18, 249;
E_012B7750/62 .event edge, v012B4E18_246, v012B4E18_247, v012B4E18_248, v012B4E18_249;
v012B4E18_250 .array/port v012B4E18, 250;
v012B4E18_251 .array/port v012B4E18, 251;
v012B4E18_252 .array/port v012B4E18, 252;
v012B4E18_253 .array/port v012B4E18, 253;
E_012B7750/63 .event edge, v012B4E18_250, v012B4E18_251, v012B4E18_252, v012B4E18_253;
v012B4E18_254 .array/port v012B4E18, 254;
v012B4E18_255 .array/port v012B4E18, 255;
E_012B7750/64 .event edge, v012B4E18_254, v012B4E18_255;
E_012B7750 .event/or E_012B7750/0, E_012B7750/1, E_012B7750/2, E_012B7750/3, E_012B7750/4, E_012B7750/5, E_012B7750/6, E_012B7750/7, E_012B7750/8, E_012B7750/9, E_012B7750/10, E_012B7750/11, E_012B7750/12, E_012B7750/13, E_012B7750/14, E_012B7750/15, E_012B7750/16, E_012B7750/17, E_012B7750/18, E_012B7750/19, E_012B7750/20, E_012B7750/21, E_012B7750/22, E_012B7750/23, E_012B7750/24, E_012B7750/25, E_012B7750/26, E_012B7750/27, E_012B7750/28, E_012B7750/29, E_012B7750/30, E_012B7750/31, E_012B7750/32, E_012B7750/33, E_012B7750/34, E_012B7750/35, E_012B7750/36, E_012B7750/37, E_012B7750/38, E_012B7750/39, E_012B7750/40, E_012B7750/41, E_012B7750/42, E_012B7750/43, E_012B7750/44, E_012B7750/45, E_012B7750/46, E_012B7750/47, E_012B7750/48, E_012B7750/49, E_012B7750/50, E_012B7750/51, E_012B7750/52, E_012B7750/53, E_012B7750/54, E_012B7750/55, E_012B7750/56, E_012B7750/57, E_012B7750/58, E_012B7750/59, E_012B7750/60, E_012B7750/61, E_012B7750/62, E_012B7750/63, E_012B7750/64;
    .scope S_012BDA68;
T_0 ;
    %set/v v012B9DB8_0, 0, 32;
T_0.0 ;
    %load/v 8, v012B9DB8_0, 32;
   %cmpi/s 8, 256, 32;
    %jmp/0xz T_0.1, 5;
    %ix/getv/s 3, v012B9DB8_0;
   %jmp/1 t_0, 4;
   %ix/load 1, 0, 0;
   %set/av v012B4E18, 0, 8;
t_0 ;
    %ix/load 0, 1, 0;
    %load/vp0/s 8, v012B9DB8_0, 32;
    %set/v v012B9DB8_0, 8, 32;
    %jmp T_0.0;
T_0.1 ;
    %end;
    .thread T_0;
    .scope S_012BDA68;
T_1 ;
    %wait E_012B7750;
    %load/v 8, v012B4E70_0, 1;
    %jmp/0xz  T_1.0, 8;
    %ix/getv 3, v012B9D08_0;
    %load/av 8, v012B4E18, 8;
    %set/v v012BEE20_0, 8, 8;
    %jmp T_1.1;
T_1.0 ;
    %set/v v012BEE20_0, 0, 8;
T_1.1 ;
    %jmp T_1;
    .thread T_1, $push;
    .scope S_012BDA68;
T_2 ;
    %wait E_012B7730;
    %load/v 8, v012B4EC8_0, 1;
    %jmp/0xz  T_2.0, 8;
    %load/v 8, v012BEE78_0, 8;
    %ix/getv 3, v012B9D08_0;
    %jmp/1 t_1, 4;
    %ix/load 0, 8, 0; word width
    %ix/load 1, 0, 0; part off
    %assign/av v012B4E18, 0, 8;
t_1 ;
T_2.0 ;
    %jmp T_2;
    .thread T_2;
# The file index is used to find the file name in the following table.
:file_names 3;
    "N/A";
    "<interactive>";
    "data_memory.v";
