#! /c/iverilog/bin/vvp
:ivl_version "0.9.7 " "(v0_9_7)";
:vpi_time_precision + 0;
:vpi_module "system";
:vpi_module "v2005_math";
:vpi_module "va_math";
S_01309838 .scope module, "instruction_memory" "instruction_memory" 2 1;
 .timescale 0 0;
v013098C0_0 .var/i "i", 31 0;
v01309918_0 .var "instruction", 7 0;
v01304E20 .array "mem", 255 0, 7 0;
v01304E78_0 .net "pc", 7 0, C4<zzzzzzzz>; 0 drivers
v01304E20_0 .array/port v01304E20, 0;
v01304E20_1 .array/port v01304E20, 1;
v01304E20_2 .array/port v01304E20, 2;
E_013074A8/0 .event edge, v01304E78_0, v01304E20_0, v01304E20_1, v01304E20_2;
v01304E20_3 .array/port v01304E20, 3;
v01304E20_4 .array/port v01304E20, 4;
v01304E20_5 .array/port v01304E20, 5;
v01304E20_6 .array/port v01304E20, 6;
E_013074A8/1 .event edge, v01304E20_3, v01304E20_4, v01304E20_5, v01304E20_6;
v01304E20_7 .array/port v01304E20, 7;
v01304E20_8 .array/port v01304E20, 8;
v01304E20_9 .array/port v01304E20, 9;
v01304E20_10 .array/port v01304E20, 10;
E_013074A8/2 .event edge, v01304E20_7, v01304E20_8, v01304E20_9, v01304E20_10;
v01304E20_11 .array/port v01304E20, 11;
v01304E20_12 .array/port v01304E20, 12;
v01304E20_13 .array/port v01304E20, 13;
v01304E20_14 .array/port v01304E20, 14;
E_013074A8/3 .event edge, v01304E20_11, v01304E20_12, v01304E20_13, v01304E20_14;
v01304E20_15 .array/port v01304E20, 15;
v01304E20_16 .array/port v01304E20, 16;
v01304E20_17 .array/port v01304E20, 17;
v01304E20_18 .array/port v01304E20, 18;
E_013074A8/4 .event edge, v01304E20_15, v01304E20_16, v01304E20_17, v01304E20_18;
v01304E20_19 .array/port v01304E20, 19;
v01304E20_20 .array/port v01304E20, 20;
v01304E20_21 .array/port v01304E20, 21;
v01304E20_22 .array/port v01304E20, 22;
E_013074A8/5 .event edge, v01304E20_19, v01304E20_20, v01304E20_21, v01304E20_22;
v01304E20_23 .array/port v01304E20, 23;
v01304E20_24 .array/port v01304E20, 24;
v01304E20_25 .array/port v01304E20, 25;
v01304E20_26 .array/port v01304E20, 26;
E_013074A8/6 .event edge, v01304E20_23, v01304E20_24, v01304E20_25, v01304E20_26;
v01304E20_27 .array/port v01304E20, 27;
v01304E20_28 .array/port v01304E20, 28;
v01304E20_29 .array/port v01304E20, 29;
v01304E20_30 .array/port v01304E20, 30;
E_013074A8/7 .event edge, v01304E20_27, v01304E20_28, v01304E20_29, v01304E20_30;
v01304E20_31 .array/port v01304E20, 31;
v01304E20_32 .array/port v01304E20, 32;
v01304E20_33 .array/port v01304E20, 33;
v01304E20_34 .array/port v01304E20, 34;
E_013074A8/8 .event edge, v01304E20_31, v01304E20_32, v01304E20_33, v01304E20_34;
v01304E20_35 .array/port v01304E20, 35;
v01304E20_36 .array/port v01304E20, 36;
v01304E20_37 .array/port v01304E20, 37;
v01304E20_38 .array/port v01304E20, 38;
E_013074A8/9 .event edge, v01304E20_35, v01304E20_36, v01304E20_37, v01304E20_38;
v01304E20_39 .array/port v01304E20, 39;
v01304E20_40 .array/port v01304E20, 40;
v01304E20_41 .array/port v01304E20, 41;
v01304E20_42 .array/port v01304E20, 42;
E_013074A8/10 .event edge, v01304E20_39, v01304E20_40, v01304E20_41, v01304E20_42;
v01304E20_43 .array/port v01304E20, 43;
v01304E20_44 .array/port v01304E20, 44;
v01304E20_45 .array/port v01304E20, 45;
v01304E20_46 .array/port v01304E20, 46;
E_013074A8/11 .event edge, v01304E20_43, v01304E20_44, v01304E20_45, v01304E20_46;
v01304E20_47 .array/port v01304E20, 47;
v01304E20_48 .array/port v01304E20, 48;
v01304E20_49 .array/port v01304E20, 49;
v01304E20_50 .array/port v01304E20, 50;
E_013074A8/12 .event edge, v01304E20_47, v01304E20_48, v01304E20_49, v01304E20_50;
v01304E20_51 .array/port v01304E20, 51;
v01304E20_52 .array/port v01304E20, 52;
v01304E20_53 .array/port v01304E20, 53;
v01304E20_54 .array/port v01304E20, 54;
E_013074A8/13 .event edge, v01304E20_51, v01304E20_52, v01304E20_53, v01304E20_54;
v01304E20_55 .array/port v01304E20, 55;
v01304E20_56 .array/port v01304E20, 56;
v01304E20_57 .array/port v01304E20, 57;
v01304E20_58 .array/port v01304E20, 58;
E_013074A8/14 .event edge, v01304E20_55, v01304E20_56, v01304E20_57, v01304E20_58;
v01304E20_59 .array/port v01304E20, 59;
v01304E20_60 .array/port v01304E20, 60;
v01304E20_61 .array/port v01304E20, 61;
v01304E20_62 .array/port v01304E20, 62;
E_013074A8/15 .event edge, v01304E20_59, v01304E20_60, v01304E20_61, v01304E20_62;
v01304E20_63 .array/port v01304E20, 63;
v01304E20_64 .array/port v01304E20, 64;
v01304E20_65 .array/port v01304E20, 65;
v01304E20_66 .array/port v01304E20, 66;
E_013074A8/16 .event edge, v01304E20_63, v01304E20_64, v01304E20_65, v01304E20_66;
v01304E20_67 .array/port v01304E20, 67;
v01304E20_68 .array/port v01304E20, 68;
v01304E20_69 .array/port v01304E20, 69;
v01304E20_70 .array/port v01304E20, 70;
E_013074A8/17 .event edge, v01304E20_67, v01304E20_68, v01304E20_69, v01304E20_70;
v01304E20_71 .array/port v01304E20, 71;
v01304E20_72 .array/port v01304E20, 72;
v01304E20_73 .array/port v01304E20, 73;
v01304E20_74 .array/port v01304E20, 74;
E_013074A8/18 .event edge, v01304E20_71, v01304E20_72, v01304E20_73, v01304E20_74;
v01304E20_75 .array/port v01304E20, 75;
v01304E20_76 .array/port v01304E20, 76;
v01304E20_77 .array/port v01304E20, 77;
v01304E20_78 .array/port v01304E20, 78;
E_013074A8/19 .event edge, v01304E20_75, v01304E20_76, v01304E20_77, v01304E20_78;
v01304E20_79 .array/port v01304E20, 79;
v01304E20_80 .array/port v01304E20, 80;
v01304E20_81 .array/port v01304E20, 81;
v01304E20_82 .array/port v01304E20, 82;
E_013074A8/20 .event edge, v01304E20_79, v01304E20_80, v01304E20_81, v01304E20_82;
v01304E20_83 .array/port v01304E20, 83;
v01304E20_84 .array/port v01304E20, 84;
v01304E20_85 .array/port v01304E20, 85;
v01304E20_86 .array/port v01304E20, 86;
E_013074A8/21 .event edge, v01304E20_83, v01304E20_84, v01304E20_85, v01304E20_86;
v01304E20_87 .array/port v01304E20, 87;
v01304E20_88 .array/port v01304E20, 88;
v01304E20_89 .array/port v01304E20, 89;
v01304E20_90 .array/port v01304E20, 90;
E_013074A8/22 .event edge, v01304E20_87, v01304E20_88, v01304E20_89, v01304E20_90;
v01304E20_91 .array/port v01304E20, 91;
v01304E20_92 .array/port v01304E20, 92;
v01304E20_93 .array/port v01304E20, 93;
v01304E20_94 .array/port v01304E20, 94;
E_013074A8/23 .event edge, v01304E20_91, v01304E20_92, v01304E20_93, v01304E20_94;
v01304E20_95 .array/port v01304E20, 95;
v01304E20_96 .array/port v01304E20, 96;
v01304E20_97 .array/port v01304E20, 97;
v01304E20_98 .array/port v01304E20, 98;
E_013074A8/24 .event edge, v01304E20_95, v01304E20_96, v01304E20_97, v01304E20_98;
v01304E20_99 .array/port v01304E20, 99;
v01304E20_100 .array/port v01304E20, 100;
v01304E20_101 .array/port v01304E20, 101;
v01304E20_102 .array/port v01304E20, 102;
E_013074A8/25 .event edge, v01304E20_99, v01304E20_100, v01304E20_101, v01304E20_102;
v01304E20_103 .array/port v01304E20, 103;
v01304E20_104 .array/port v01304E20, 104;
v01304E20_105 .array/port v01304E20, 105;
v01304E20_106 .array/port v01304E20, 106;
E_013074A8/26 .event edge, v01304E20_103, v01304E20_104, v01304E20_105, v01304E20_106;
v01304E20_107 .array/port v01304E20, 107;
v01304E20_108 .array/port v01304E20, 108;
v01304E20_109 .array/port v01304E20, 109;
v01304E20_110 .array/port v01304E20, 110;
E_013074A8/27 .event edge, v01304E20_107, v01304E20_108, v01304E20_109, v01304E20_110;
v01304E20_111 .array/port v01304E20, 111;
v01304E20_112 .array/port v01304E20, 112;
v01304E20_113 .array/port v01304E20, 113;
v01304E20_114 .array/port v01304E20, 114;
E_013074A8/28 .event edge, v01304E20_111, v01304E20_112, v01304E20_113, v01304E20_114;
v01304E20_115 .array/port v01304E20, 115;
v01304E20_116 .array/port v01304E20, 116;
v01304E20_117 .array/port v01304E20, 117;
v01304E20_118 .array/port v01304E20, 118;
E_013074A8/29 .event edge, v01304E20_115, v01304E20_116, v01304E20_117, v01304E20_118;
v01304E20_119 .array/port v01304E20, 119;
v01304E20_120 .array/port v01304E20, 120;
v01304E20_121 .array/port v01304E20, 121;
v01304E20_122 .array/port v01304E20, 122;
E_013074A8/30 .event edge, v01304E20_119, v01304E20_120, v01304E20_121, v01304E20_122;
v01304E20_123 .array/port v01304E20, 123;
v01304E20_124 .array/port v01304E20, 124;
v01304E20_125 .array/port v01304E20, 125;
v01304E20_126 .array/port v01304E20, 126;
E_013074A8/31 .event edge, v01304E20_123, v01304E20_124, v01304E20_125, v01304E20_126;
v01304E20_127 .array/port v01304E20, 127;
v01304E20_128 .array/port v01304E20, 128;
v01304E20_129 .array/port v01304E20, 129;
v01304E20_130 .array/port v01304E20, 130;
E_013074A8/32 .event edge, v01304E20_127, v01304E20_128, v01304E20_129, v01304E20_130;
v01304E20_131 .array/port v01304E20, 131;
v01304E20_132 .array/port v01304E20, 132;
v01304E20_133 .array/port v01304E20, 133;
v01304E20_134 .array/port v01304E20, 134;
E_013074A8/33 .event edge, v01304E20_131, v01304E20_132, v01304E20_133, v01304E20_134;
v01304E20_135 .array/port v01304E20, 135;
v01304E20_136 .array/port v01304E20, 136;
v01304E20_137 .array/port v01304E20, 137;
v01304E20_138 .array/port v01304E20, 138;
E_013074A8/34 .event edge, v01304E20_135, v01304E20_136, v01304E20_137, v01304E20_138;
v01304E20_139 .array/port v01304E20, 139;
v01304E20_140 .array/port v01304E20, 140;
v01304E20_141 .array/port v01304E20, 141;
v01304E20_142 .array/port v01304E20, 142;
E_013074A8/35 .event edge, v01304E20_139, v01304E20_140, v01304E20_141, v01304E20_142;
v01304E20_143 .array/port v01304E20, 143;
v01304E20_144 .array/port v01304E20, 144;
v01304E20_145 .array/port v01304E20, 145;
v01304E20_146 .array/port v01304E20, 146;
E_013074A8/36 .event edge, v01304E20_143, v01304E20_144, v01304E20_145, v01304E20_146;
v01304E20_147 .array/port v01304E20, 147;
v01304E20_148 .array/port v01304E20, 148;
v01304E20_149 .array/port v01304E20, 149;
v01304E20_150 .array/port v01304E20, 150;
E_013074A8/37 .event edge, v01304E20_147, v01304E20_148, v01304E20_149, v01304E20_150;
v01304E20_151 .array/port v01304E20, 151;
v01304E20_152 .array/port v01304E20, 152;
v01304E20_153 .array/port v01304E20, 153;
v01304E20_154 .array/port v01304E20, 154;
E_013074A8/38 .event edge, v01304E20_151, v01304E20_152, v01304E20_153, v01304E20_154;
v01304E20_155 .array/port v01304E20, 155;
v01304E20_156 .array/port v01304E20, 156;
v01304E20_157 .array/port v01304E20, 157;
v01304E20_158 .array/port v01304E20, 158;
E_013074A8/39 .event edge, v01304E20_155, v01304E20_156, v01304E20_157, v01304E20_158;
v01304E20_159 .array/port v01304E20, 159;
v01304E20_160 .array/port v01304E20, 160;
v01304E20_161 .array/port v01304E20, 161;
v01304E20_162 .array/port v01304E20, 162;
E_013074A8/40 .event edge, v01304E20_159, v01304E20_160, v01304E20_161, v01304E20_162;
v01304E20_163 .array/port v01304E20, 163;
v01304E20_164 .array/port v01304E20, 164;
v01304E20_165 .array/port v01304E20, 165;
v01304E20_166 .array/port v01304E20, 166;
E_013074A8/41 .event edge, v01304E20_163, v01304E20_164, v01304E20_165, v01304E20_166;
v01304E20_167 .array/port v01304E20, 167;
v01304E20_168 .array/port v01304E20, 168;
v01304E20_169 .array/port v01304E20, 169;
v01304E20_170 .array/port v01304E20, 170;
E_013074A8/42 .event edge, v01304E20_167, v01304E20_168, v01304E20_169, v01304E20_170;
v01304E20_171 .array/port v01304E20, 171;
v01304E20_172 .array/port v01304E20, 172;
v01304E20_173 .array/port v01304E20, 173;
v01304E20_174 .array/port v01304E20, 174;
E_013074A8/43 .event edge, v01304E20_171, v01304E20_172, v01304E20_173, v01304E20_174;
v01304E20_175 .array/port v01304E20, 175;
v01304E20_176 .array/port v01304E20, 176;
v01304E20_177 .array/port v01304E20, 177;
v01304E20_178 .array/port v01304E20, 178;
E_013074A8/44 .event edge, v01304E20_175, v01304E20_176, v01304E20_177, v01304E20_178;
v01304E20_179 .array/port v01304E20, 179;
v01304E20_180 .array/port v01304E20, 180;
v01304E20_181 .array/port v01304E20, 181;
v01304E20_182 .array/port v01304E20, 182;
E_013074A8/45 .event edge, v01304E20_179, v01304E20_180, v01304E20_181, v01304E20_182;
v01304E20_183 .array/port v01304E20, 183;
v01304E20_184 .array/port v01304E20, 184;
v01304E20_185 .array/port v01304E20, 185;
v01304E20_186 .array/port v01304E20, 186;
E_013074A8/46 .event edge, v01304E20_183, v01304E20_184, v01304E20_185, v01304E20_186;
v01304E20_187 .array/port v01304E20, 187;
v01304E20_188 .array/port v01304E20, 188;
v01304E20_189 .array/port v01304E20, 189;
v01304E20_190 .array/port v01304E20, 190;
E_013074A8/47 .event edge, v01304E20_187, v01304E20_188, v01304E20_189, v01304E20_190;
v01304E20_191 .array/port v01304E20, 191;
v01304E20_192 .array/port v01304E20, 192;
v01304E20_193 .array/port v01304E20, 193;
v01304E20_194 .array/port v01304E20, 194;
E_013074A8/48 .event edge, v01304E20_191, v01304E20_192, v01304E20_193, v01304E20_194;
v01304E20_195 .array/port v01304E20, 195;
v01304E20_196 .array/port v01304E20, 196;
v01304E20_197 .array/port v01304E20, 197;
v01304E20_198 .array/port v01304E20, 198;
E_013074A8/49 .event edge, v01304E20_195, v01304E20_196, v01304E20_197, v01304E20_198;
v01304E20_199 .array/port v01304E20, 199;
v01304E20_200 .array/port v01304E20, 200;
v01304E20_201 .array/port v01304E20, 201;
v01304E20_202 .array/port v01304E20, 202;
E_013074A8/50 .event edge, v01304E20_199, v01304E20_200, v01304E20_201, v01304E20_202;
v01304E20_203 .array/port v01304E20, 203;
v01304E20_204 .array/port v01304E20, 204;
v01304E20_205 .array/port v01304E20, 205;
v01304E20_206 .array/port v01304E20, 206;
E_013074A8/51 .event edge, v01304E20_203, v01304E20_204, v01304E20_205, v01304E20_206;
v01304E20_207 .array/port v01304E20, 207;
v01304E20_208 .array/port v01304E20, 208;
v01304E20_209 .array/port v01304E20, 209;
v01304E20_210 .array/port v01304E20, 210;
E_013074A8/52 .event edge, v01304E20_207, v01304E20_208, v01304E20_209, v01304E20_210;
v01304E20_211 .array/port v01304E20, 211;
v01304E20_212 .array/port v01304E20, 212;
v01304E20_213 .array/port v01304E20, 213;
v01304E20_214 .array/port v01304E20, 214;
E_013074A8/53 .event edge, v01304E20_211, v01304E20_212, v01304E20_213, v01304E20_214;
v01304E20_215 .array/port v01304E20, 215;
v01304E20_216 .array/port v01304E20, 216;
v01304E20_217 .array/port v01304E20, 217;
v01304E20_218 .array/port v01304E20, 218;
E_013074A8/54 .event edge, v01304E20_215, v01304E20_216, v01304E20_217, v01304E20_218;
v01304E20_219 .array/port v01304E20, 219;
v01304E20_220 .array/port v01304E20, 220;
v01304E20_221 .array/port v01304E20, 221;
v01304E20_222 .array/port v01304E20, 222;
E_013074A8/55 .event edge, v01304E20_219, v01304E20_220, v01304E20_221, v01304E20_222;
v01304E20_223 .array/port v01304E20, 223;
v01304E20_224 .array/port v01304E20, 224;
v01304E20_225 .array/port v01304E20, 225;
v01304E20_226 .array/port v01304E20, 226;
E_013074A8/56 .event edge, v01304E20_223, v01304E20_224, v01304E20_225, v01304E20_226;
v01304E20_227 .array/port v01304E20, 227;
v01304E20_228 .array/port v01304E20, 228;
v01304E20_229 .array/port v01304E20, 229;
v01304E20_230 .array/port v01304E20, 230;
E_013074A8/57 .event edge, v01304E20_227, v01304E20_228, v01304E20_229, v01304E20_230;
v01304E20_231 .array/port v01304E20, 231;
v01304E20_232 .array/port v01304E20, 232;
v01304E20_233 .array/port v01304E20, 233;
v01304E20_234 .array/port v01304E20, 234;
E_013074A8/58 .event edge, v01304E20_231, v01304E20_232, v01304E20_233, v01304E20_234;
v01304E20_235 .array/port v01304E20, 235;
v01304E20_236 .array/port v01304E20, 236;
v01304E20_237 .array/port v01304E20, 237;
v01304E20_238 .array/port v01304E20, 238;
E_013074A8/59 .event edge, v01304E20_235, v01304E20_236, v01304E20_237, v01304E20_238;
v01304E20_239 .array/port v01304E20, 239;
v01304E20_240 .array/port v01304E20, 240;
v01304E20_241 .array/port v01304E20, 241;
v01304E20_242 .array/port v01304E20, 242;
E_013074A8/60 .event edge, v01304E20_239, v01304E20_240, v01304E20_241, v01304E20_242;
v01304E20_243 .array/port v01304E20, 243;
v01304E20_244 .array/port v01304E20, 244;
v01304E20_245 .array/port v01304E20, 245;
v01304E20_246 .array/port v01304E20, 246;
E_013074A8/61 .event edge, v01304E20_243, v01304E20_244, v01304E20_245, v01304E20_246;
v01304E20_247 .array/port v01304E20, 247;
v01304E20_248 .array/port v01304E20, 248;
v01304E20_249 .array/port v01304E20, 249;
v01304E20_250 .array/port v01304E20, 250;
E_013074A8/62 .event edge, v01304E20_247, v01304E20_248, v01304E20_249, v01304E20_250;
v01304E20_251 .array/port v01304E20, 251;
v01304E20_252 .array/port v01304E20, 252;
v01304E20_253 .array/port v01304E20, 253;
v01304E20_254 .array/port v01304E20, 254;
E_013074A8/63 .event edge, v01304E20_251, v01304E20_252, v01304E20_253, v01304E20_254;
v01304E20_255 .array/port v01304E20, 255;
E_013074A8/64 .event edge, v01304E20_255;
E_013074A8 .event/or E_013074A8/0, E_013074A8/1, E_013074A8/2, E_013074A8/3, E_013074A8/4, E_013074A8/5, E_013074A8/6, E_013074A8/7, E_013074A8/8, E_013074A8/9, E_013074A8/10, E_013074A8/11, E_013074A8/12, E_013074A8/13, E_013074A8/14, E_013074A8/15, E_013074A8/16, E_013074A8/17, E_013074A8/18, E_013074A8/19, E_013074A8/20, E_013074A8/21, E_013074A8/22, E_013074A8/23, E_013074A8/24, E_013074A8/25, E_013074A8/26, E_013074A8/27, E_013074A8/28, E_013074A8/29, E_013074A8/30, E_013074A8/31, E_013074A8/32, E_013074A8/33, E_013074A8/34, E_013074A8/35, E_013074A8/36, E_013074A8/37, E_013074A8/38, E_013074A8/39, E_013074A8/40, E_013074A8/41, E_013074A8/42, E_013074A8/43, E_013074A8/44, E_013074A8/45, E_013074A8/46, E_013074A8/47, E_013074A8/48, E_013074A8/49, E_013074A8/50, E_013074A8/51, E_013074A8/52, E_013074A8/53, E_013074A8/54, E_013074A8/55, E_013074A8/56, E_013074A8/57, E_013074A8/58, E_013074A8/59, E_013074A8/60, E_013074A8/61, E_013074A8/62, E_013074A8/63, E_013074A8/64;
    .scope S_01309838;
T_0 ;
    %movi 8, 10, 8;
   %ix/load 1, 0, 0;
   %ix/load 3, 0, 0;
   %set/av v01304E20, 8, 8;
    %movi 8, 51, 8;
   %ix/load 1, 0, 0;
   %ix/load 3, 1, 0;
   %set/av v01304E20, 8, 8;
    %movi 8, 76, 8;
   %ix/load 1, 0, 0;
   %ix/load 3, 2, 0;
   %set/av v01304E20, 8, 8;
    %movi 8, 117, 8;
   %ix/load 1, 0, 0;
   %ix/load 3, 3, 0;
   %set/av v01304E20, 8, 8;
    %movi 8, 4, 32;
    %set/v v013098C0_0, 8, 32;
T_0.0 ;
    %load/v 8, v013098C0_0, 32;
   %cmpi/s 8, 256, 32;
    %jmp/0xz T_0.1, 5;
    %ix/getv/s 3, v013098C0_0;
   %jmp/1 t_0, 4;
   %ix/load 1, 0, 0;
   %set/av v01304E20, 0, 8;
t_0 ;
    %ix/load 0, 1, 0;
    %load/vp0/s 8, v013098C0_0, 32;
    %set/v v013098C0_0, 8, 32;
    %jmp T_0.0;
T_0.1 ;
    %end;
    .thread T_0;
    .scope S_01309838;
T_1 ;
    %wait E_013074A8;
    %ix/getv 3, v01304E78_0;
    %load/av 8, v01304E20, 8;
    %set/v v01309918_0, 8, 8;
    %jmp T_1;
    .thread T_1, $push;
# The file index is used to find the file name in the following table.
:file_names 3;
    "N/A";
    "<interactive>";
    "instruction_memory.v";
