#! /c/iverilog/bin/vvp
:ivl_version "0.9.7 " "(v0_9_7)";
:vpi_time_precision + 0;
:vpi_module "system";
:vpi_module "v2005_math";
:vpi_module "va_math";
S_011A4E18 .scope module, "control" "control" 2 1;
 .timescale 0 0;
v011A4EA0_0 .var "alu_op", 2 0;
v011A4EF8_0 .var "alu_src", 0 0;
v011AEF00_0 .var "branch", 0 0;
v011AEF58_0 .net "instruction", 7 0, C4<zzzzzzzz>; 0 drivers
v011E1028_0 .var "jump", 0 0;
v011E1080_0 .var "mem_read", 0 0;
v011E10D8_0 .var "mem_to_reg", 0 0;
v011E1130_0 .var "mem_write", 0 0;
v011E1188_0 .net "opcode", 2 0, L_011E1290; 1 drivers
v011E11E0_0 .var "reg_dst", 0 0;
v011E1238_0 .var "reg_write", 0 0;
E_011AC010 .event edge, v011E1188_0, v011AEF58_0;
L_011E1290 .part C4<zzzzzzzz>, 5, 3;
    .scope S_011A4E18;
T_0 ;
    %wait E_011AC010;
    %set/v v011E1238_0, 0, 1;
    %set/v v011E10D8_0, 0, 1;
    %set/v v011E1080_0, 0, 1;
    %set/v v011E1130_0, 0, 1;
    %set/v v011A4EA0_0, 0, 3;
    %set/v v011A4EF8_0, 0, 1;
    %set/v v011E11E0_0, 0, 1;
    %set/v v011AEF00_0, 0, 1;
    %set/v v011E1028_0, 0, 1;
    %load/v 8, v011E1188_0, 3;
    %cmpi/u 8, 0, 3;
    %jmp/1 T_0.0, 6;
    %cmpi/u 8, 1, 3;
    %jmp/1 T_0.1, 6;
    %cmpi/u 8, 2, 3;
    %jmp/1 T_0.2, 6;
    %cmpi/u 8, 3, 3;
    %jmp/1 T_0.3, 6;
    %cmpi/u 8, 4, 3;
    %jmp/1 T_0.4, 6;
    %jmp T_0.5;
T_0.0 ;
    %set/v v011E1238_0, 1, 1;
    %set/v v011E11E0_0, 1, 1;
    %ix/load 1, 2, 0;
    %mov 4, 0, 1;
    %jmp/1 T_0.6, 4;
    %load/x1p 8, v011AEF58_0, 3;
    %jmp T_0.7;
T_0.6 ;
    %mov 8, 2, 3;
T_0.7 ;
; Save base=8 wid=3 in lookaside.
    %set/v v011A4EA0_0, 8, 3;
    %jmp T_0.5;
T_0.1 ;
    %set/v v011E1238_0, 1, 1;
    %set/v v011E10D8_0, 1, 1;
    %set/v v011E1080_0, 1, 1;
    %set/v v011A4EF8_0, 1, 1;
    %set/v v011A4EA0_0, 0, 3;
    %jmp T_0.5;
T_0.2 ;
    %set/v v011E1130_0, 1, 1;
    %set/v v011A4EF8_0, 1, 1;
    %set/v v011A4EA0_0, 0, 3;
    %jmp T_0.5;
T_0.3 ;
    %set/v v011AEF00_0, 1, 1;
    %movi 8, 1, 3;
    %set/v v011A4EA0_0, 8, 3;
    %jmp T_0.5;
T_0.4 ;
    %set/v v011E1028_0, 1, 1;
    %jmp T_0.5;
T_0.5 ;
    %jmp T_0;
    .thread T_0, $push;
# The file index is used to find the file name in the following table.
:file_names 3;
    "N/A";
    "<interactive>";
    "control.v";
