#! /c/iverilog/bin/vvp
:ivl_version "0.9.7 " "(v0_9_7)";
:vpi_time_precision + 0;
:vpi_module "system";
:vpi_module "v2005_math";
:vpi_module "va_math";
S_012A4250 .scope module, "alu" "alu" 2 1;
 .timescale 0 0;
P_012A3D4C .param/l "ADD" 2 8, C4<000>;
P_012A3D60 .param/l "AND" 2 10, C4<010>;
P_012A3D74 .param/l "NOT" 2 13, C4<101>;
P_012A3D88 .param/l "OR" 2 11, C4<011>;
P_012A3D9C .param/l "SLT" 2 14, C4<110>;
P_012A3DB0 .param/l "SUB" 2 9, C4<001>;
P_012A3DC4 .param/l "XOR" 2 12, C4<100>;
v012A3630_0 .net *"_s0", 7 0, C4<00000000>; 1 drivers
v012A3688_0 .net "a", 7 0, C4<zzzzzzzz>; 0 drivers
v012A36E0_0 .net "b", 7 0, C4<zzzzzzzz>; 0 drivers
v012AE968_0 .net "op", 2 0, C4<zzz>; 0 drivers
v012AE9C0_0 .var "out", 7 0;
v012AEA18_0 .net "zero", 0 0, L_012AEA70; 1 drivers
E_01141FB0 .event edge, v012AE968_0, v012A3688_0, v012A36E0_0;
L_012AEA70 .cmp/eq 8, v012AE9C0_0, C4<00000000>;
    .scope S_012A4250;
T_0 ;
    %wait E_01141FB0;
    %load/v 8, v012AE968_0, 3;
    %cmpi/u 8, 0, 3;
    %jmp/1 T_0.0, 6;
    %cmpi/u 8, 1, 3;
    %jmp/1 T_0.1, 6;
    %cmpi/u 8, 2, 3;
    %jmp/1 T_0.2, 6;
    %cmpi/u 8, 3, 3;
    %jmp/1 T_0.3, 6;
    %cmpi/u 8, 4, 3;
    %jmp/1 T_0.4, 6;
    %cmpi/u 8, 5, 3;
    %jmp/1 T_0.5, 6;
    %cmpi/u 8, 6, 3;
    %jmp/1 T_0.6, 6;
    %set/v v012AE9C0_0, 0, 8;
    %jmp T_0.8;
T_0.0 ;
    %load/v 8, v012A3688_0, 8;
    %load/v 16, v012A36E0_0, 8;
    %add 8, 16, 8;
    %set/v v012AE9C0_0, 8, 8;
    %jmp T_0.8;
T_0.1 ;
    %load/v 8, v012A3688_0, 8;
    %load/v 16, v012A36E0_0, 8;
    %sub 8, 16, 8;
    %set/v v012AE9C0_0, 8, 8;
    %jmp T_0.8;
T_0.2 ;
    %load/v 8, v012A3688_0, 8;
    %load/v 16, v012A36E0_0, 8;
    %and 8, 16, 8;
    %set/v v012AE9C0_0, 8, 8;
    %jmp T_0.8;
T_0.3 ;
    %load/v 8, v012A3688_0, 8;
    %load/v 16, v012A36E0_0, 8;
    %or 8, 16, 8;
    %set/v v012AE9C0_0, 8, 8;
    %jmp T_0.8;
T_0.4 ;
    %load/v 8, v012A3688_0, 8;
    %load/v 16, v012A36E0_0, 8;
    %xor 8, 16, 8;
    %set/v v012AE9C0_0, 8, 8;
    %jmp T_0.8;
T_0.5 ;
    %load/v 8, v012A3688_0, 8;
    %inv 8, 8;
    %set/v v012AE9C0_0, 8, 8;
    %jmp T_0.8;
T_0.6 ;
    %load/v 8, v012A3688_0, 8;
    %load/v 16, v012A36E0_0, 8;
    %cmp/u 8, 16, 8;
    %mov 8, 5, 1;
    %jmp/0  T_0.9, 8;
    %movi 9, 1, 8;
    %jmp/1  T_0.11, 8;
T_0.9 ; End of true expr.
    %jmp/0  T_0.10, 8;
 ; End of false expr.
    %blend  9, 0, 8; Condition unknown.
    %jmp  T_0.11;
T_0.10 ;
    %mov 9, 0, 8; Return false value
T_0.11 ;
    %set/v v012AE9C0_0, 9, 8;
    %jmp T_0.8;
T_0.8 ;
    %jmp T_0;
    .thread T_0, $push;
# The file index is used to find the file name in the following table.
:file_names 3;
    "N/A";
    "<interactive>";
    "alu.v";
